Determining if the pthread_create exist failed with the following output:
Change Dir: /home/clay/catkin_ws/build/CMakeFiles/CMakeTmp

Run Build Command:"/usr/bin/make" "cmTC_48bcb/fast"
/usr/bin/make -f CMakeFiles/cmTC_48bcb.dir/build.make CMakeFiles/cmTC_48bcb.dir/build
make[1]: Entering directory '/home/clay/catkin_ws/build/CMakeFiles/CMakeTmp'
Building C object CMakeFiles/cmTC_48bcb.dir/CheckSymbolExists.c.o
/usr/bin/cc     -o CMakeFiles/cmTC_48bcb.dir/CheckSymbolExists.c.o   -c /home/clay/catkin_ws/build/CMakeFiles/CMakeTmp/CheckSymbolExists.c
Linking C executable cmTC_48bcb
/usr/bin/cmake -E cmake_link_script CMakeFiles/cmTC_48bcb.dir/link.txt --verbose=1
/usr/bin/cc       CMakeFiles/cmTC_48bcb.dir/CheckSymbolExists.c.o  -o cmTC_48bcb -rdynamic 
CMakeFiles/cmTC_48bcb.dir/CheckSymbolExists.c.o: In function `main':
CheckSymbolExists.c:(.text+0x16): undefined reference to `pthread_create'
collect2: error: ld returned 1 exit status
CMakeFiles/cmTC_48bcb.dir/build.make:97: recipe for target 'cmTC_48bcb' failed
make[1]: *** [cmTC_48bcb] Error 1
make[1]: Leaving directory '/home/clay/catkin_ws/build/CMakeFiles/CMakeTmp'
Makefile:126: recipe for target 'cmTC_48bcb/fast' failed
make: *** [cmTC_48bcb/fast] Error 2

File /home/clay/catkin_ws/build/CMakeFiles/CMakeTmp/CheckSymbolExists.c:
/* */
#include <pthread.h>

int main(int argc, char** argv)
{
  (void)argv;
#ifndef pthread_create
  return ((int*)(&pthread_create))[argc];
#else
  (void)argc;
  return 0;
#endif
}

Determining if the function pthread_create exists in the pthreads failed with the following output:
Change Dir: /home/clay/catkin_ws/build/CMakeFiles/CMakeTmp

Run Build Command:"/usr/bin/make" "cmTC_10eee/fast"
/usr/bin/make -f CMakeFiles/cmTC_10eee.dir/build.make CMakeFiles/cmTC_10eee.dir/build
make[1]: Entering directory '/home/clay/catkin_ws/build/CMakeFiles/CMakeTmp'
Building C object CMakeFiles/cmTC_10eee.dir/CheckFunctionExists.c.o
/usr/bin/cc    -DCHECK_FUNCTION_EXISTS=pthread_create   -o CMakeFiles/cmTC_10eee.dir/CheckFunctionExists.c.o   -c /usr/share/cmake-3.5/Modules/CheckFunctionExists.c
Linking C executable cmTC_10eee
/usr/bin/cmake -E cmake_link_script CMakeFiles/cmTC_10eee.dir/link.txt --verbose=1
/usr/bin/cc   -DCHECK_FUNCTION_EXISTS=pthread_create    CMakeFiles/cmTC_10eee.dir/CheckFunctionExists.c.o  -o cmTC_10eee -rdynamic -lpthreads 
/usr/bin/ld: cannot find -lpthreads
collect2: error: ld returned 1 exit status
CMakeFiles/cmTC_10eee.dir/build.make:97: recipe for target 'cmTC_10eee' failed
make[1]: *** [cmTC_10eee] Error 1
make[1]: Leaving directory '/home/clay/catkin_ws/build/CMakeFiles/CMakeTmp'
Makefile:126: recipe for target 'cmTC_10eee/fast' failed
make: *** [cmTC_10eee/fast] Error 2


